2018-04-01 11:20:09,485 INFO  EventserverAmbassador - File found, read successfully.
The following object was created (This is the created, internal JSON data object and might differ from the initial JSON-String read).
The normal string representation.
{"events":[{"type":"Obstacle","rectangle":{"a":{"longitude":13.325493335723877,"latitude":52.51456075310111,"elevation":0.0},"b":{"longitude":13.337509632110596,"latitude":52.511596424357414,"elevation":0.0}},"strength":1,"time":{"start":0,"end":60}}],"parkingLots":[]}
The pretty string representation.
{
  "events": [
    {
      "type": "Obstacle",
      "rectangle": {
        "a": {
          "longitude": 13.325493335723877,
          "latitude": 52.51456075310111,
          "elevation": 0.0
        },
        "b": {
          "longitude": 13.337509632110596,
          "latitude": 52.511596424357414,
          "elevation": 0.0
        }
      },
      "strength": 1,
      "time": {
        "start": 0,
        "end": 60
      }
    }
  ],
  "parkingLots": []
}
