2018-04-01 11:20:19,111 INFO  MappingAmbassador - File found, read successfully.
The following object was created (This is the created, internal JSON data object and might differ from the initial JSON-String read).
The normal string representation.
{"prototypes":[{"name":"PKW","applications":["com.dcaiti.vsimrti.app.tutorials.tiergarten.vehicle.TiergartenVehicle","com.dcaiti.vsimrti.app.tutorials.tiergarten.vehicle.TiergartenVehicleSlave"],"length":5.0,"minGap":2.5,"maxSpeed":10.0,"accel":1.5,"decel":4.5,"sigma":0.5,"tau":1.0},{"name":"TLPKW","applications":["com.dcaiti.vsimrti.app.tutorials.tiergarten.vehicle.TrafficLightVehicle"]},{"name":"RSU","applications":["com.dcaiti.vsimrti.app.tutorials.tiergarten.rsu.TiergartenRSU"]},{"name":"TrafficLight","applications":["com.dcaiti.vsimrti.app.tutorials.tiergarten.trafficLight.TrafficLightApp"]}],"rsus":[{"name":"RSU","lat":52.513060766781614,"lon":13.32891047000885}],"tls":[{"name":"TrafficLight","tlName":"27011311"},{"name":"TrafficLight","tlName":"252864801"}],"vehicles":[{"startingTime":1.0,"targetDensity":600.0,"maxNumberVehicles":1,"types":[{"name":"PKW"}],"deterministic":true,"pos":0,"route":"0"},{"startingTime":5.0,"targetDensity":600.0,"maxNumberVehicles":1,"types":[{"name":"PKW"}],"deterministic":true,"pos":0,"route":"0"},{"startingTime":8.0,"targetDensity":600.0,"maxNumberVehicles":1,"types":[{"name":"TLPKW"}],"deterministic":true,"pos":0,"route":"0"},{"startingTime":10.0,"targetDensity":600.0,"maxNumberVehicles":1,"types":[{"name":"PKW"}],"deterministic":true,"pos":0,"route":"0"}]}
The pretty string representation.
{
  "prototypes": [
    {
      "name": "PKW",
      "applications": [
        "com.dcaiti.vsimrti.app.tutorials.tiergarten.vehicle.TiergartenVehicle",
        "com.dcaiti.vsimrti.app.tutorials.tiergarten.vehicle.TiergartenVehicleSlave"
      ],
      "length": 5.0,
      "minGap": 2.5,
      "maxSpeed": 10.0,
      "accel": 1.5,
      "decel": 4.5,
      "sigma": 0.5,
      "tau": 1.0
    },
    {
      "name": "TLPKW",
      "applications": [
        "com.dcaiti.vsimrti.app.tutorials.tiergarten.vehicle.TrafficLightVehicle"
      ]
    },
    {
      "name": "RSU",
      "applications": [
        "com.dcaiti.vsimrti.app.tutorials.tiergarten.rsu.TiergartenRSU"
      ]
    },
    {
      "name": "TrafficLight",
      "applications": [
        "com.dcaiti.vsimrti.app.tutorials.tiergarten.trafficLight.TrafficLightApp"
      ]
    }
  ],
  "rsus": [
    {
      "name": "RSU",
      "lat": 52.513060766781614,
      "lon": 13.32891047000885
    }
  ],
  "tls": [
    {
      "name": "TrafficLight",
      "tlName": "27011311"
    },
    {
      "name": "TrafficLight",
      "tlName": "252864801"
    }
  ],
  "vehicles": [
    {
      "startingTime": 1.0,
      "targetDensity": 600.0,
      "maxNumberVehicles": 1,
      "types": [
        {
          "name": "PKW"
        }
      ],
      "deterministic": true,
      "pos": 0,
      "route": "0"
    },
    {
      "startingTime": 5.0,
      "targetDensity": 600.0,
      "maxNumberVehicles": 1,
      "types": [
        {
          "name": "PKW"
        }
      ],
      "deterministic": true,
      "pos": 0,
      "route": "0"
    },
    {
      "startingTime": 8.0,
      "targetDensity": 600.0,
      "maxNumberVehicles": 1,
      "types": [
        {
          "name": "TLPKW"
        }
      ],
      "deterministic": true,
      "pos": 0,
      "route": "0"
    },
    {
      "startingTime": 10.0,
      "targetDensity": 600.0,
      "maxNumberVehicles": 1,
      "types": [
        {
          "name": "PKW"
        }
      ],
      "deterministic": true,
      "pos": 0,
      "route": "0"
    }
  ]
}
