2018-04-01 11:19:13,802 INFO  VSimRTIStarter - File found, read successfully.
The following object was created (This is the created, internal JSON data object and might differ from the initial JSON-String read).
The normal string representation.
{"localHosts":[{"id":"local","workingDirectory":"./tmp","address":"localhost","operatingSystem":"linux"}],"remoteHosts":[{"user":"username","password":"password","port":22,"id":"remote","workingDirectory":"/home/vsimrti/test/tmp","address":"192.168.0.1","operatingSystem":"linux"}]}
The pretty string representation.
{
  "localHosts": [
    {
      "id": "local",
      "workingDirectory": "./tmp",
      "address": "localhost",
      "operatingSystem": "linux"
    }
  ],
  "remoteHosts": [
    {
      "user": "username",
      "password": "password",
      "port": 22,
      "id": "remote",
      "workingDirectory": "/home/vsimrti/test/tmp",
      "address": "192.168.0.1",
      "operatingSystem": "linux"
    }
  ]
}
2018-04-01 11:19:13,856 INFO  VSimRTIStarter - Port not given (port == 0). Find free port: 37035
2018-04-01 11:19:13,923 INFO  VisualizationAmbassador - connectToFederate
2018-04-01 11:19:13,951 INFO  VisualizationAmbassador - cfg instanceof ExternalVisualizerConfig
2018-04-01 11:19:13,965 INFO  VisualizationAmbassador - register the initialized visualizer
2018-04-01 11:19:13,965 INFO  VisualizationAmbassador - cfg instanceof ExternalVisualizerConfig
2018-04-01 11:19:13,966 INFO  VisualizationAmbassador - register the initialized visualizer
2018-04-01 11:19:14,734 WARN  LicenseCheck - License server at license.dcaiti.tu-berlin.de/130.149.110.225 is not available. Try next server.
2018-04-01 11:19:14,735 ERROR f - No license file found
