2018-04-01 11:20:41,856 INFO  EventserverAmbassador - File found, read successfully.
The following object was created (This is the created, internal JSON data object and might differ from the initial JSON-String read).
The normal string representation.
{"events":[{"type":"Ice","rectangle":{"a":{"longitude":13.5608,"latitude":52.6331,"elevation":0.0},"b":{"longitude":13.5656,"latitude":52.6196,"elevation":0.0}},"strength":1,"time":{"start":0,"end":1220}}],"parkingLots":[]}
The pretty string representation.
{
  "events": [
    {
      "type": "Ice",
      "rectangle": {
        "a": {
          "longitude": 13.5608,
          "latitude": 52.6331,
          "elevation": 0.0
        },
        "b": {
          "longitude": 13.5656,
          "latitude": 52.6196,
          "elevation": 0.0
        }
      },
      "strength": 1,
      "time": {
        "start": 0,
        "end": 1220
      }
    }
  ],
  "parkingLots": []
}
